[debug] [2023-11-10T12:08:06.559Z] ----------------------------------------------------------------------
[debug] [2023-11-10T12:08:06.562Z] Command:       C:\Program Files\nodejs\node.exe C:\Users\LMAX\AppData\Roaming\npm\node_modules\firebase-tools\lib\bin\firebase.js init
[debug] [2023-11-10T12:08:06.562Z] CLI Version:   12.8.1
[debug] [2023-11-10T12:08:06.563Z] Platform:      win32
[debug] [2023-11-10T12:08:06.563Z] Node Version:  v18.12.1
[debug] [2023-11-10T12:08:06.564Z] Time:          Fri Nov 10 2023 17:38:06 GMT+0530 (India Standard Time)
[debug] [2023-11-10T12:08:06.564Z] ----------------------------------------------------------------------
[debug] 
[debug] [2023-11-10T12:08:06.568Z] >>> [apiv2][query] GET https://firebase-public.firebaseio.com/cli.json [none]
[debug] [2023-11-10T12:08:06.624Z] > command requires scopes: ["email","openid","https://www.googleapis.com/auth/cloudplatformprojects.readonly","https://www.googleapis.com/auth/firebase","https://www.googleapis.com/auth/cloud-platform"]
[debug] [2023-11-10T12:08:06.624Z] > authorizing via signed-in user (bipinjoshicr712@gmail.com)
[info] 
     ######## #### ########  ######## ########     ###     ######  ########
     ##        ##  ##     ## ##       ##     ##  ##   ##  ##       ##
     ######    ##  ########  ######   ########  #########  ######  ######
     ##        ##  ##    ##  ##       ##     ## ##     ##       ## ##
     ##       #### ##     ## ######## ########  ##     ##  ######  ########

You're about to initialize a Firebase project in this directory:

  C:\Users\LMAX\Desktop\projects\wattsapp_clone\chat_clone

[debug] [2023-11-10T12:08:07.368Z] <<< [apiv2][status] GET https://firebase-public.firebaseio.com/cli.json 200
[debug] [2023-11-10T12:08:07.369Z] <<< [apiv2][body] GET https://firebase-public.firebaseio.com/cli.json {"cloudBuildErrorAfter":1594252800000,"cloudBuildWarnAfter":1590019200000,"defaultNode10After":1594252800000,"minVersion":"3.0.5","node8DeploysDisabledAfter":1613390400000,"node8RuntimeDisabledAfter":1615809600000,"node8WarnAfter":1600128000000}
